#
# An unexpected error has been detected by Java Runtime Environment:
#
#  EXCEPTION_ACCESS_VIOLATION (0xc0000005) at pc=0x000000007abd85e1, pid=3548, tid=11372
#
# Java VM: Java HotSpot(TM) 64-Bit Server VM (11.2-b01 mixed mode windows-amd64)
# Problematic frame:
# C  [zip.dll+0x85e1]
#
# If you would like to submit a bug report, please visit:
#   http://java.sun.com/webapps/bugreport/crash.jsp
# The crash happened outside the Java Virtual Machine in native code.
# See problematic frame for where to report the bug.
#

---------------  T H R E A D  ---------------

Current thread (0x0000000030891c00):  JavaThread "Image Animator 0" daemon [_thread_in_native, id=11372, stack(0x0000000008210000,0x0000000008290000)]

siginfo: ExceptionCode=0xc0000005, reading address 0x0000000000000018

Registers:
EAX=0x0000000000000000, EBX=0x0000000000000003, ECX=0x0000000030a54290, EDX=0x0000000000000000
ESP=0x000000000828c580, EBP=0x0000000030891dc0, ESI=0x0000000030a54290, EDI=0x0000000000000000
EIP=0x000000007abd85e1, EFLAGS=0x0000000000010202

Top of Stack: (sp=0x000000000828c580)
0x000000000828c580:   0000000000000000 0000000000000000
0x000000000828c590:   0000000000000000 000000006d9d7851
0x000000000828c5a0:   0000000000000000 0000000000000000
0x000000000828c5b0:   0000000030a54290 0000000030891dc0
0x000000000828c5c0:   0000000000000003 000000007abd1f90
0x000000000828c5d0:   0000000000000000 0000000000001b10
0x000000000828c5e0:   0000000000000000 0000000000000000
0x000000000828c5f0:   0000000000000003 0000000000000000
0x000000000828c600:   0000000000000000 0000000000000000
0x000000000828c610:   0000000000000000 0000000000000000
0x000000000828c620:   0000000000000000 0000000000000000
0x000000000828c630:   0000000000000000 0000000000000000
0x000000000828c640:   0000000000000000 0000000000000000
0x000000000828c650:   0000000000000000 0000000000000000
0x000000000828c660:   0000000000000000 0000000000000018
0x000000000828c670:   0000000000000000 0000000000000000 

Instructions: (pc=0x000000007abd85e1)
0x000000007abd85d1:   c4 58 5f 5b c3 cc cc 48 53 55 56 57 48 83 ec 28
0x000000007abd85e1:   4c 8b 52 18 49 8b e9 49 8b f0 4d 85 d2 48 8b d9 


Stack: [0x0000000008210000,0x0000000008290000],  sp=0x000000000828c580,  free space=497k
Native frames: (J=compiled Java code, j=interpreted, Vv=VM code, C=native code)
C  [zip.dll+0x85e1]

Java frames: (J=compiled Java code, j=interpreted, Vv=VM code)
j  java.util.zip.ZipFile.read(JJJ[BII)I+0
j  java.util.zip.ZipFile.access$1200(JJJ[BII)I+10
j  java.util.zip.ZipFile$ZipFileInputStream.read([BII)I+66
J  java.util.zip.InflaterInputStream.read([BII)I
j  java.io.FilterInputStream.read([BII)I+7
j  java.io.BufferedInputStream.fill()V+175
j  java.io.BufferedInputStream.read1([BII)I+44
j  java.io.BufferedInputStream.read([BII)I+49
j  sun.awt.image.GifImageDecoder.readBytes([BII)I+11
v  ~StubRoutines::call_stub
j  sun.awt.image.GifImageDecoder.parseImage(IIIIZI[B[BLjava/awt/image/IndexColorModel;)Z+0
j  sun.awt.image.GifImageDecoder.readImage(ZII)Z+660
j  sun.awt.image.GifImageDecoder.produceImage()V+487
j  sun.awt.image.InputStreamImageSource.doFetch()V+51
j  sun.awt.image.ImageFetcher.fetchloop()V+33
j  sun.awt.image.ImageFetcher.run()V+5
v  ~StubRoutines::call_stub

---------------  P R O C E S S  ---------------

Java Threads: ( => current thread )
  0x000000002ed9d800 JavaThread "Image Fetcher 0" daemon [_thread_blocked, id=6840, stack(0x0000000042520000,0x00000000425a0000)]
  0x000000003fed9800 JavaThread "Loader for _view_0" daemon [_thread_blocked, id=5108, stack(0x0000000044c00000,0x0000000044c80000)]
  0x000000003fed9000 JavaThread "Image Fetcher 3" daemon [_thread_blocked, id=6388, stack(0x0000000044b80000,0x0000000044c00000)]
  0x000000003fed8800 JavaThread "Image Fetcher 1" daemon [_thread_blocked, id=12796, stack(0x0000000044a80000,0x0000000044b00000)]
  0x000000003fed8400 JavaThread "Image Fetcher 2" daemon [_thread_blocked, id=8912, stack(0x0000000044a00000,0x0000000044a80000)]
=>0x0000000030891c00 JavaThread "Image Animator 0" daemon [_thread_in_native, id=11372, stack(0x0000000008210000,0x0000000008290000)]
  0x000000003088f400 JavaThread "Thread-2006" [_thread_blocked, id=7888, stack(0x000000000e130000,0x000000000e1b0000)]
  0x0000000030891000 JavaThread "Foxtrot Multi Worker Thread Runner #2" daemon [_thread_blocked, id=4920, stack(0x0000000044b00000,0x0000000044b80000)]
  0x0000000030891800 JavaThread "Thread-1666" daemon [_thread_in_native, id=10828, stack(0x0000000032470000,0x00000000324f0000)]
  0x0000000030890000 JavaThread "Swing-Shell" daemon [_thread_blocked, id=4688, stack(0x0000000008f70000,0x0000000008ff0000)]
  0x0000000030a60800 JavaThread "MySQL Statement Cancellation Timer" daemon [_thread_blocked, id=4124, stack(0x00000000087c0000,0x0000000008840000)]
  0x0000000030a60000 JavaThread "Foxtrot Single Worker Thread #1" daemon [_thread_blocked, id=8484, stack(0x0000000008310000,0x0000000008390000)]
  0x000000002eda1400 JavaThread "Thread-106" [_thread_blocked, id=9968, stack(0x0000000008290000,0x0000000008310000)]
  0x000000002ed9e400 JavaThread "Timer queue for AWT thread" daemon [_thread_blocked, id=4456, stack(0x00000000326a0000,0x0000000032720000)]
  0x000000002eda1000 JavaThread "Active Reference Queue Daemon" daemon [_thread_blocked, id=4964, stack(0x000000000e330000,0x000000000e3b0000)]
  0x000000002ed9f800 JavaThread "Timer-8" daemon [_thread_blocked, id=5512, stack(0x000000000e0b0000,0x000000000e130000)]
  0x000000002eda0800 JavaThread "FelixPackageAdmin" daemon [_thread_blocked, id=5072, stack(0x000000000e2b0000,0x000000000e330000)]
  0x000000002ed9f400 JavaThread "FelixStartLevel" daemon [_thread_blocked, id=7584, stack(0x000000000e230000,0x000000000e2b0000)]
  0x000000002eda0000 JavaThread "FelixDispatchQueue" daemon [_thread_blocked, id=9096, stack(0x000000000e1b0000,0x000000000e230000)]
  0x000000002ed9ec00 JavaThread "Timer-3" daemon [_thread_blocked, id=7476, stack(0x0000000032620000,0x00000000326a0000)]
  0x000000002ed9dc00 JavaThread "Prefs Updater" daemon [_thread_blocked, id=4568, stack(0x0000000032520000,0x00000000325a0000)]
  0x000000002ed9d000 JavaThread "Timer-1" [_thread_blocked, id=9260, stack(0x000000002fec0000,0x000000002ff40000)]
  0x000000002f4f9800 JavaThread "TimerQueue" daemon [_thread_blocked, id=6052, stack(0x000000002fe10000,0x000000002fe90000)]
  0x000000002f462800 JavaThread "AWT-EventQueue-0" [_thread_blocked, id=8396, stack(0x000000002fd80000,0x000000002fe00000)]
  0x000000002f261800 JavaThread "AWT-Windows" daemon [_thread_in_native, id=7724, stack(0x000000002f640000,0x000000002f6c0000)]
  0x000000002f260000 JavaThread "AWT-Shutdown" [_thread_blocked, id=4660, stack(0x000000002f5c0000,0x000000002f640000)]
  0x000000002f31b800 JavaThread "Java2D Disposer" daemon [_thread_blocked, id=9592, stack(0x0000000029ec0000,0x0000000029f40000)]
  0x000000002a1db000 JavaThread "Timer-0" [_thread_blocked, id=748, stack(0x0000000029e40000,0x0000000029ec0000)]
  0x000000002a02f000 JavaThread "JMI Unnamed Thread" [_thread_in_native, id=4788, stack(0x0000000007210000,0x0000000008210000)]
  0x0000000029ca1000 JavaThread "Low Memory Detector" daemon [_thread_blocked, id=7272, stack(0x0000000029dc0000,0x0000000029e40000)]
  0x0000000029c9bc00 JavaThread "CompilerThread1" daemon [_thread_blocked, id=5536, stack(0x000000002cd00000,0x000000002dd00000)]
  0x0000000029c91000 JavaThread "CompilerThread0" daemon [_thread_blocked, id=9844, stack(0x000000002bd00000,0x000000002cd00000)]
  0x0000000029c8c000 JavaThread "Attach Listener" daemon [_thread_blocked, id=7696, stack(0x0000000009290000,0x0000000009310000)]
  0x0000000029c69000 JavaThread "Finalizer" daemon [_thread_blocked, id=8212, stack(0x0000000009210000,0x0000000009290000)]
  0x0000000029c68400 JavaThread "Reference Handler" daemon [_thread_blocked, id=9428, stack(0x0000000006110000,0x0000000006190000)]
  0x00000000018bf000 JavaThread "main" [_thread_in_native, id=8524, stack(0x0000000000030000,0x0000000001030000)]

Other Threads:
  0x0000000029c61400 VMThread [stack: 0x000000002ad00000,0x000000002bd00000] [id=4724]
  0x0000000029cca800 WatcherThread [stack: 0x000000002dd00000,0x000000002ed00000] [id=3312]

VM state:not at safepoint (normal execution)

VM Mutex/Monitor currently owned by a thread: None

Heap
 PSYoungGen      total 31360K, used 26096K [0x00000000226d0000, 0x00000000251b0000, 0x00000000257d0000)
  eden space 26560K, 80% used [0x00000000226d0000,0x0000000023ba2788,0x00000000240c0000)
  from space 4800K, 99% used [0x00000000240c0000,0x0000000024569bb0,0x0000000024570000)
  to   space 6464K, 0% used [0x0000000024b60000,0x0000000024b60000,0x00000000251b0000)
 PSOldGen        total 103552K, used 99990K [0x00000000193d0000, 0x000000001f8f0000, 0x00000000226d0000)
  object space 103552K, 96% used [0x00000000193d0000,0x000000001f575910,0x000000001f8f0000)
 PSPermGen       total 75776K, used 74222K [0x00000000113d0000, 0x0000000015dd0000, 0x00000000193d0000)
  object space 75776K, 97% used [0x00000000113d0000,0x0000000015c4b8a0,0x0000000015dd0000)

Dynamic libraries:
0x0000000140000000 - 0x000000014002a000 	C:\Program Files\MATLAB\R2010a\bin\win64\MATLAB.exe
0x0000000077950000 - 0x0000000077afb000 	C:\Windows\SYSTEM32\ntdll.dll
0x0000000077830000 - 0x000000007794f000 	C:\Windows\system32\kernel32.dll
0x000007fefd960000 - 0x000007fefd9cb000 	C:\Windows\system32\KERNELBASE.dll
0x000000007ce80000 - 0x000000007cf96000 	C:\Program Files\MATLAB\R2010a\bin\win64\libut.dll
0x000007feffc40000 - 0x000007feffc57000 	C:\Windows\system32\imagehlp.dll
0x000007fefe270000 - 0x000007fefe30f000 	C:\Windows\system32\msvcrt.dll
0x0000000077b20000 - 0x0000000077b27000 	C:\Windows\system32\PSAPI.DLL
0x000000007d660000 - 0x000000007d688000 	C:\Program Files\MATLAB\R2010a\bin\win64\LIBEXPAT.dll
0x000000006bd00000 - 0x000000006bdc9000 	C:\Windows\WinSxS\amd64_microsoft.vc80.crt_1fc8b3b9a1e18e3b_8.0.50727.4927_none_88dce9872fb18caf\MSVCR80.dll
0x000000007d380000 - 0x000000007d4ac000 	C:\Program Files\MATLAB\R2010a\bin\win64\icuuc40.dll
0x000007feff390000 - 0x000007feff46b000 	C:\Windows\system32\ADVAPI32.dll
0x000007feff230000 - 0x000007feff24f000 	C:\Windows\SYSTEM32\sechost.dll
0x000007fefe140000 - 0x000007fefe26e000 	C:\Windows\system32\RPCRT4.dll
0x000000007c8b0000 - 0x000000007c8b3000 	C:\Program Files\MATLAB\R2010a\bin\win64\icudt40.dll
0x000000007c8c0000 - 0x000000007c8d0000 	C:\Program Files\MATLAB\R2010a\bin\win64\icuio40.dll
0x000000007cb00000 - 0x000000007cc53000 	C:\Program Files\MATLAB\R2010a\bin\win64\icuin40.dll
0x000000006cc50000 - 0x000000006cd59000 	C:\Windows\WinSxS\amd64_microsoft.vc80.crt_1fc8b3b9a1e18e3b_8.0.50727.4927_none_88dce9872fb18caf\MSVCP80.dll
0x0000000077730000 - 0x000000007782a000 	C:\Windows\system32\USER32.dll
0x000007fefe310000 - 0x000007fefe377000 	C:\Windows\system32\GDI32.dll
0x000007fefdee0000 - 0x000007fefdeee000 	C:\Windows\system32\LPK.dll
0x000007fefe070000 - 0x000007fefe13a000 	C:\Windows\system32\USP10.dll
0x0000000078930000 - 0x0000000078a4e000 	C:\Program Files\MATLAB\R2010a\bin\win64\libmwfl.dll
0x00000000788c0000 - 0x00000000788fe000 	C:\Program Files\MATLAB\R2010a\bin\win64\tbb.dll
0x000000007e960000 - 0x000000007e96f000 	C:\Program Files\MATLAB\R2010a\bin\win64\boost_date_time-vc80-mt-1_36.dll
0x000000007ebf0000 - 0x000000007ec0d000 	C:\Program Files\MATLAB\R2010a\bin\win64\boost_filesystem-vc80-mt-1_36.dll
0x000000007dbd0000 - 0x000000007dbd9000 	C:\Program Files\MATLAB\R2010a\bin\win64\boost_system-vc80-mt-1_36.dll
0x000000007e940000 - 0x000000007e956000 	C:\Program Files\MATLAB\R2010a\bin\win64\boost_signals-vc80-mt-1_36.dll
0x000000007c890000 - 0x000000007c8a1000 	C:\Program Files\MATLAB\R2010a\bin\win64\boost_thread-vc80-mt-1_36.dll
0x000000007d010000 - 0x000000007d298000 	C:\Program Files\MATLAB\R2010a\bin\win64\libmwservices.dll
0x000000007cfa0000 - 0x000000007d00d000 	C:\Program Files\MATLAB\R2010a\bin\win64\libmx.dll
0x00000000792b0000 - 0x00000000792c7000 	C:\Program Files\MATLAB\R2010a\bin\win64\zlib1.dll
0x000000007d2a0000 - 0x000000007d37c000 	C:\Program Files\MATLAB\R2010a\bin\win64\libmwmathutil.dll
0x000000007a9b0000 - 0x000000007aa0e000 	C:\Program Files\MATLAB\R2010a\bin\win64\mpath.dll
0x000000007d690000 - 0x000000007d812000 	C:\Program Files\MATLAB\R2010a\bin\win64\mlutil.dll
0x000000007e860000 - 0x000000007e8ec000 	C:\Program Files\MATLAB\R2010a\bin\win64\xmlcore.dll
0x000000007a320000 - 0x000000007a5b5000 	C:\Program Files\MATLAB\R2010a\bin\win64\xerces-c_2_7.dll
0x000007feff840000 - 0x000007feff88d000 	C:\Windows\system32\WS2_32.dll
0x000007feff470000 - 0x000007feff478000 	C:\Windows\system32\NSI.dll
0x000007fefe400000 - 0x000007feff186000 	C:\Windows\system32\SHELL32.dll
0x000007feff7c0000 - 0x000007feff831000 	C:\Windows\system32\SHLWAPI.dll
0x000007fefdba0000 - 0x000007fefdc40000 	C:\Windows\WinSxS\amd64_microsoft.windows.common-controls_6595b64144ccf1df_5.82.7600.16385_none_a44af8ec57f961cf\COMCTL32.dll
0x000007feff190000 - 0x000007feff228000 	C:\Windows\system32\comdlg32.dll
0x000007fefad60000 - 0x000007fefad76000 	C:\Windows\system32\NETAPI32.dll
0x000007fefad50000 - 0x000007fefad5c000 	C:\Windows\system32\netutils.dll
0x000007fefd4e0000 - 0x000007fefd503000 	C:\Windows\system32\srvcli.dll
0x000007fefad30000 - 0x000007fefad45000 	C:\Windows\system32\wkscli.dll
0x000000007ad90000 - 0x000000007ae2e000 	C:\Program Files\MATLAB\R2010a\bin\win64\mcr.dll
0x0000000001310000 - 0x0000000001335000 	C:\Program Files\MATLAB\R2010a\bin\win64\libmwi18n.dll
0x000000007c8d0000 - 0x000000007c983000 	C:\Program Files\MATLAB\R2010a\bin\win64\iqm.dll
0x000000007b500000 - 0x000000007bdb0000 	C:\Program Files\MATLAB\R2010a\bin\win64\m_interpreter.dll
0x000000007c9b0000 - 0x000000007c9c6000 	C:\Program Files\MATLAB\R2010a\bin\win64\libmex.dll
0x000000007abf0000 - 0x000000007aca4000 	C:\Program Files\MATLAB\R2010a\bin\win64\m_dispatcher.dll
0x000000007ead0000 - 0x000000007ebc1000 	C:\Program Files\MATLAB\R2010a\bin\win64\boost_regex-vc80-mt-1_36.dll
0x000000007aa90000 - 0x000000007ab27000 	C:\Program Files\MATLAB\R2010a\bin\win64\profiler.dll
0x000000007ca40000 - 0x000000007ca71000 	C:\Program Files\MATLAB\R2010a\bin\win64\libmwmathrng.dll
0x0000000079200000 - 0x000000007921a000 	C:\Program Files\MATLAB\R2010a\bin\win64\m_pcodeio.dll
0x000000007a960000 - 0x000000007a9ad000 	C:\Program Files\MATLAB\R2010a\bin\win64\m_ir.dll
0x000000007aef0000 - 0x000000007b4f1000 	C:\Program Files\MATLAB\R2010a\bin\win64\m_parser.dll
0x000000007c990000 - 0x000000007c9a4000 	C:\Program Files\MATLAB\R2010a\bin\win64\ir_xfmr.dll
0x0000000078a50000 - 0x0000000078d2f000 	C:\Program Files\MATLAB\R2010a\bin\win64\mcos.dll
0x000000007ca90000 - 0x000000007ca9c000 	C:\Program Files\MATLAB\R2010a\bin\win64\mtok.dll
0x00000000791d0000 - 0x00000000791f6000 	C:\Program Files\MATLAB\R2010a\bin\win64\m_pcodegen.dll
0x0000000001430000 - 0x0000000001482000 	C:\Program Files\MATLAB\R2010a\bin\win64\libmwspmatrix.dll
0x000007feea570000 - 0x000007feea695000 	C:\Windows\system32\dbghelp.dll
0x00000000014a0000 - 0x00000000014cc000 	C:\Program Files\MATLAB\R2010a\bin\win64\libmwbridge.dll
0x000000007c4f0000 - 0x000000007c5b7000 	C:\Program Files\MATLAB\R2010a\bin\win64\udd.dll
0x000000007d4b0000 - 0x000000007d604000 	C:\Program Files\MATLAB\R2010a\bin\win64\libmwgui.dll
0x0000000079320000 - 0x0000000079acf000 	C:\Program Files\MATLAB\R2010a\bin\win64\hg.dll
0x0000000079100000 - 0x0000000079150000 	C:\Program Files\MATLAB\R2010a\bin\win64\libmat.dll
0x000000007cc60000 - 0x000000007ce7b000 	C:\Program Files\MATLAB\R2010a\bin\win64\libhdf5.dll
0x000000007a860000 - 0x000000007a8e3000 	C:\Program Files\MATLAB\R2010a\bin\win64\jmi.dll
0x000000007a790000 - 0x000000007a7d6000 	C:\Program Files\MATLAB\R2010a\bin\win64\libmwhardcopy.dll
0x000000007a8f0000 - 0x000000007a959000 	C:\Program Files\MATLAB\R2010a\bin\win64\libuij.dll
0x0000000078730000 - 0x00000000788b3000 	C:\Program Files\MATLAB\R2010a\bin\win64\hgdatatypes.dll
0x0000000078670000 - 0x0000000078721000 	C:\Program Files\MATLAB\R2010a\bin\win64\hgutils.dll
0x0000000079150000 - 0x00000000791cc000 	C:\Program Files\MATLAB\R2010a\bin\win64\libmwlapack.dll
0x000000007c9e0000 - 0x000000007c9f3000 	C:\Program Files\MATLAB\R2010a\bin\win64\libmwbinder.dll
0x000000007c5c0000 - 0x000000007c881000 	C:\Program Files\MATLAB\R2010a\bin\win64\uiw.dll
0x000000007caf0000 - 0x000000007cafa000 	C:\Program Files\MATLAB\R2010a\bin\win64\uinone.dll
0x000000006c6a0000 - 0x000000006c83c000 	C:\Windows\WinSxS\amd64_microsoft.vc80.mfc_1fc8b3b9a1e18e3b_8.0.50727.4053_none_8444db7d32915e4c\MFC80.DLL
0x000007fef94c0000 - 0x000007fef9530000 	C:\Windows\system32\WINSPOOL.DRV
0x000007feff5b0000 - 0x000007feff7b1000 	C:\Windows\system32\ole32.dll
0x000007feff4d0000 - 0x000007feff5a7000 	C:\Windows\system32\OLEAUT32.dll
0x000000007ae30000 - 0x000000007aee6000 	C:\Program Files\MATLAB\R2010a\bin\win64\udd_mi.dll
0x0000000079220000 - 0x000000007923f000 	C:\Program Files\MATLAB\R2010a\bin\win64\mwoles05.DLL
0x000000007aa10000 - 0x000000007aa82000 	C:\Program Files\MATLAB\R2010a\bin\win64\comcli.dll
0x0000000075480000 - 0x00000000754a0000 	C:\Windows\WinSxS\amd64_microsoft.vc80.atl_1fc8b3b9a1e18e3b_8.0.50727.4053_none_8a1a02152edb659b\ATL80.DLL
0x000000007ca80000 - 0x000000007ca8e000 	C:\Program Files\MATLAB\R2010a\bin\win64\mlautoregister.dll
0x000007fefd780000 - 0x000007fefd7d7000 	C:\Windows\system32\apphelp.dll
0x000007fef8c50000 - 0x000007fef8ca1000 	C:\Windows\AppPatch\AppPatch64\AcGenral.DLL
0x000007fefd750000 - 0x000007fefd775000 	C:\Windows\system32\SspiCli.dll
0x00000000739c0000 - 0x00000000739c3000 	C:\Windows\system32\sfc.dll
0x000007fef9b00000 - 0x000007fef9b10000 	C:\Windows\system32\sfc_os.DLL
0x000007fefcc00000 - 0x000007fefcc1e000 	C:\Windows\system32\USERENV.dll
0x000007fefd8b0000 - 0x000007fefd8bf000 	C:\Windows\system32\profapi.dll
0x000007fefbd80000 - 0x000007fefbd98000 	C:\Windows\system32\dwmapi.dll
0x000007fef96d0000 - 0x000007fef96e8000 	C:\Windows\system32\MPR.dll
0x000007feff250000 - 0x000007feff27e000 	C:\Windows\system32\IMM32.DLL
0x000007feff280000 - 0x000007feff389000 	C:\Windows\system32\MSCTF.dll
0x00000000754b0000 - 0x00000000754bd000 	C:\Windows\WinSxS\amd64_microsoft.vc80.mfcloc_1fc8b3b9a1e18e3b_8.0.50727.4053_none_bc1d1e5b0be08790\MFC80ENU.DLL
0x000007fefd7e0000 - 0x000007fefd7ef000 	C:\Windows\system32\CRYPTBASE.dll
0x000007fefc1b0000 - 0x000007fefc206000 	C:\Windows\system32\uxtheme.dll
0x000007fefc390000 - 0x000007fefc584000 	C:\Windows\WinSxS\amd64_microsoft.windows.common-controls_6595b64144ccf1df_6.0.7600.16385_none_fa645303170382f6\comctl32.dll
0x000007feffa60000 - 0x000007feffc37000 	C:\Windows\system32\SETUPAPI.dll
0x000007fefd9f0000 - 0x000007fefda26000 	C:\Windows\system32\CFGMGR32.dll
0x000007fefd9d0000 - 0x000007fefd9ea000 	C:\Windows\system32\DEVOBJ.dll
0x000007feff890000 - 0x000007feff929000 	C:\Windows\system32\CLBCatQ.DLL
0x000007fefc210000 - 0x000007fefc33c000 	C:\Windows\system32\propsys.dll
0x000007fefbad0000 - 0x000007fefbafd000 	C:\Windows\system32\ntmarta.dll
0x000007feff480000 - 0x000007feff4d0000 	C:\Windows\system32\WLDAP32.dll
0x000007fefb800000 - 0x000007fefb827000 	C:\Windows\system32\iphlpapi.dll
0x000007fefb7e0000 - 0x000007fefb7eb000 	C:\Windows\system32\WINNSI.DLL
0x000007fefcf60000 - 0x000007fefcfbb000 	C:\Windows\system32\DNSAPI.dll
0x000007fefb4f0000 - 0x000007fefb501000 	C:\Windows\system32\dhcpcsvc6.DLL
0x000007fefb4d0000 - 0x000007fefb4e8000 	C:\Windows\system32\dhcpcsvc.DLL
0x00000000754a0000 - 0x00000000754a3000 	C:\Windows\system32\icmp.Dll
0x000000006d7f0000 - 0x000000006dda8000 	C:\Program Files\MATLAB\R2010a\sys\java\jre\win64\jre\bin\server\jvm.dll
0x000007fefb490000 - 0x000007fefb4cb000 	C:\Windows\system32\WINMM.dll
0x000000007aba0000 - 0x000000007abaa000 	C:\Program Files\MATLAB\R2010a\sys\java\jre\win64\jre\bin\hpi.dll
0x000000007abc0000 - 0x000000007abce000 	C:\Program Files\MATLAB\R2010a\sys\java\jre\win64\jre\bin\verify.dll
0x00000000792d0000 - 0x00000000792f7000 	C:\Program Files\MATLAB\R2010a\sys\java\jre\win64\jre\bin\java.dll
0x000000007abd0000 - 0x000000007abe2000 	C:\Program Files\MATLAB\R2010a\sys\java\jre\win64\jre\bin\zip.dll
0x0000000079240000 - 0x000000007926b000 	C:\Program Files\MATLAB\R2010a\bin\win64\nativejava.dll
0x0000000079270000 - 0x00000000792a7000 	C:\Program Files\MATLAB\R2010a\bin\win64\nativejmi.dll
0x000000007cae0000 - 0x000000007caed000 	C:\Program Files\MATLAB\R2010a\bin\win64\nativeservices.dll
0x000000007a5c0000 - 0x000000007a782000 	C:\Program Files\MATLAB\R2010a\sys\java\jre\win64\jre\bin\awt.dll
0x000000007acb0000 - 0x000000007ad1b000 	C:\Program Files\MATLAB\R2010a\sys\java\jre\win64\jre\bin\fontmanager.dll

VM Arguments:
jvm_args: -Xss512k -XX:PermSize=32m -Xms64m -XX:NewRatio=3 -XX:MaxPermSize=128m -Xmx196m -XX:MaxDirectMemorySize=2147400000 -Dsun.java2d.noddraw=true -Dsun.awt.nopixfmt=true -Xshare:off -Xrs -Djava.library.path=C:\Program Files\MATLAB\R2010a\bin\win64 vfprintf abort 
java_command: <unknown>
Launcher Type: generic

Environment Variables:
JAVA_HOME=C:\Program Files\Java\jdk1.6.0_18
CLASSPATH=.;C:\Program Files (x86)\Java\jre6\lib\ext\QTJava.zip
PATH=C:\Program Files\Common Files\Microsoft Shared\Windows Live;C:\Program Files (x86)\PC Connectivity Solution\;C:\Windows\system32;C:\Windows;C:\Windows\System32\Wbem;C:\Windows\System32\WindowsPowerShell\v1.0\;C:\Program Files (x86)\Common Files\Roxio Shared\DLLShared\;C:\Program Files\Java\jdk1.6.0_18\bin;C:\Program Files\MySQL\MySQL Server 5.1\bin;C:\Program Files (x86)\Vim\vim72;C:\tools\apache-ant-1.8.0RC1\bin;C:\Program Files (x86)\Common Files\Teleca Shared;C:\Program Files (x86)\QuickTime\QTSystem\;C:\Program Files\MATLAB\R2010a\runtime\win64;C:\Program Files\MATLAB\R2010a\bin;C:\Program Files\Common Files\Microsoft Shared\Windows Live;C:\Program Files (x86)\Nmap
USERNAME=owner
OS=Windows_NT
PROCESSOR_IDENTIFIER=Intel64 Family 6 Model 23 Stepping 10, GenuineIntel



---------------  S Y S T E M  ---------------

OS: Windows NT 6.1 Build 7600 

CPU:total 4 (4 cores per cpu, 1 threads per core) family 6 model 7 stepping 10, cmov, cx8, fxsr, mmx, sse, sse2, sse3, ssse3

Memory: 4k page, physical 4158520k(1624332k free), swap 8315140k(2908236k free)

vm_info: Java HotSpot(TM) 64-Bit Server VM (11.2-b01) for windows-amd64 JRE (1.6.0_12-b04), built on Jan 17 2009 01:49:05 by "java_re" with MS VC++ 8.0

time: Thu May 06 11:15:17 2010
elapsed time: 335806 seconds

